0 info it worked if it ends with ok
1 verbose cli [ '/Users/jong/.nvm/v0.11.13/bin/node',
1 verbose cli   '/Users/jong/.nvm/v0.11.13/bin/npm',
1 verbose cli   'outdated' ]
2 info using npm@1.4.9
3 info using node@v0.11.13
4 verbose url raw keygrip
5 verbose url resolving [ 'https://registry.npmjs.org/', './keygrip' ]
6 verbose url resolved https://registry.npmjs.org/keygrip
7 info trying registry request attempt 1 at 19:46:43
8 verbose etag "1F8CAARKMNFRNULA1F62QB16R"
9 http GET https://registry.npmjs.org/keygrip
10 verbose url raw base64-url
11 verbose url resolving [ 'https://registry.npmjs.org/', './base64-url' ]
12 verbose url resolved https://registry.npmjs.org/base64-url
13 info trying registry request attempt 1 at 19:46:43
14 verbose etag "8AVU6W992HSP25KUV5QJCO0ZE"
15 http GET https://registry.npmjs.org/base64-url
16 verbose url raw supertest
17 verbose url resolving [ 'https://registry.npmjs.org/', './supertest' ]
18 verbose url resolved https://registry.npmjs.org/supertest
19 info trying registry request attempt 1 at 19:46:43
20 verbose etag "D4WFFHOWKMUSWA532AVJ6NFP6"
21 http GET https://registry.npmjs.org/supertest
22 verbose url raw mocha
23 verbose url resolving [ 'https://registry.npmjs.org/', './mocha' ]
24 verbose url resolved https://registry.npmjs.org/mocha
25 info trying registry request attempt 1 at 19:46:43
26 verbose etag "6TAA400993W11F2S2LXOO84U2"
27 http GET https://registry.npmjs.org/mocha
28 http 304 https://registry.npmjs.org/supertest
29 silly registry.get cb [ 304,
29 silly registry.get   { date: 'Thu, 19 Jun 2014 02:46:42 GMT',
29 silly registry.get     server: 'Apache',
29 silly registry.get     via: '1.1 varnish',
29 silly registry.get     'last-modified': 'Thu, 19 Jun 2014 02:46:33 GMT',
29 silly registry.get     'cache-control': 'max-age=30',
29 silly registry.get     etag: '"D4WFFHOWKMUSWA532AVJ6NFP6"',
29 silly registry.get     'x-served-by': 'cache-d46-DAL',
29 silly registry.get     'x-cache': 'HIT',
29 silly registry.get     'x-cache-hits': '1',
29 silly registry.get     'x-timer': 'S1403146002.712740,VS0,VE0',
29 silly registry.get     vary: 'Accept',
29 silly registry.get     'content-length': '0',
29 silly registry.get     connection: 'close' } ]
30 verbose etag supertest from cache
31 http 304 https://registry.npmjs.org/mocha
32 silly registry.get cb [ 304,
32 silly registry.get   { date: 'Thu, 19 Jun 2014 02:46:42 GMT',
32 silly registry.get     server: 'Apache',
32 silly registry.get     via: '1.1 varnish',
32 silly registry.get     'last-modified': 'Thu, 19 Jun 2014 02:15:49 GMT',
32 silly registry.get     'cache-control': 'max-age=30',
32 silly registry.get     etag: '"6TAA400993W11F2S2LXOO84U2"',
32 silly registry.get     'x-served-by': 'cache-d46-DAL',
32 silly registry.get     'x-cache': 'HIT',
32 silly registry.get     'x-cache-hits': '4',
32 silly registry.get     'x-timer': 'S1403146002.716818,VS0,VE0',
32 silly registry.get     vary: 'Accept',
32 silly registry.get     'content-length': '0',
32 silly registry.get     connection: 'close' } ]
33 verbose etag mocha from cache
34 http 304 https://registry.npmjs.org/keygrip
35 silly registry.get cb [ 304,
35 silly registry.get   { date: 'Thu, 19 Jun 2014 02:46:42 GMT',
35 silly registry.get     server: 'Apache',
35 silly registry.get     via: '1.1 varnish',
35 silly registry.get     'last-modified': 'Thu, 19 Jun 2014 02:46:42 GMT',
35 silly registry.get     'cache-control': 'max-age=30',
35 silly registry.get     etag: '"1F8CAARKMNFRNULA1F62QB16R"',
35 silly registry.get     'x-served-by': 'cache-d64-DAL',
35 silly registry.get     'x-cache': 'HIT',
35 silly registry.get     'x-cache-hits': '1',
35 silly registry.get     'x-timer': 'S1403146002.717906,VS0,VE0',
35 silly registry.get     vary: 'Accept',
35 silly registry.get     'content-length': '0',
35 silly registry.get     connection: 'close' } ]
36 verbose etag keygrip from cache
37 http 304 https://registry.npmjs.org/base64-url
38 silly registry.get cb [ 304,
38 silly registry.get   { date: 'Thu, 19 Jun 2014 02:46:42 GMT',
38 silly registry.get     server: 'Apache',
38 silly registry.get     via: '1.1 varnish',
38 silly registry.get     'last-modified': 'Thu, 19 Jun 2014 02:46:42 GMT',
38 silly registry.get     'cache-control': 'max-age=30',
38 silly registry.get     etag: '"8AVU6W992HSP25KUV5QJCO0ZE"',
38 silly registry.get     'x-served-by': 'cache-d64-DAL',
38 silly registry.get     'x-cache': 'HIT',
38 silly registry.get     'x-cache-hits': '1',
38 silly registry.get     'x-timer': 'S1403146002.717969,VS0,VE0',
38 silly registry.get     vary: 'Accept',
38 silly registry.get     'content-length': '0',
38 silly registry.get     connection: 'close' } ]
39 verbose etag base64-url from cache
40 verbose cache add [ 'keygrip', '~2.0.0' ]
41 verbose cache add name="keygrip" spec="~2.0.0" args=["keygrip","~2.0.0"]
42 verbose parsed url { protocol: null,
42 verbose parsed url   slashes: null,
42 verbose parsed url   auth: null,
42 verbose parsed url   host: null,
42 verbose parsed url   port: null,
42 verbose parsed url   hostname: null,
42 verbose parsed url   hash: null,
42 verbose parsed url   search: null,
42 verbose parsed url   query: null,
42 verbose parsed url   pathname: '~2.0.0',
42 verbose parsed url   path: '~2.0.0',
42 verbose parsed url   href: '~2.0.0' }
43 verbose addNamed [ 'keygrip', '~2.0.0' ]
44 verbose addNamed [ null, '>=2.0.0-0 <2.1.0-0' ]
45 silly lockFile 078afc0f-keygrip-2-0-0 keygrip@~2.0.0
46 verbose lock keygrip@~2.0.0 /Users/jong/.npm/078afc0f-keygrip-2-0-0.lock
47 silly addNameRange { name: 'keygrip', range: '>=2.0.0-0 <2.1.0-0', hasData: false }
48 verbose registry.get keygrip not expired, no request
49 silly addNameRange number 2 { name: 'keygrip', range: '>=2.0.0-0 <2.1.0-0', hasData: true }
50 silly addNameRange versions [ 'keygrip',
50 silly addNameRange   [ '0.1.0',
50 silly addNameRange     '0.1.1',
50 silly addNameRange     '0.1.2',
50 silly addNameRange     '0.1.3',
50 silly addNameRange     '0.1.6',
50 silly addNameRange     '0.1.7',
50 silly addNameRange     '0.2.0',
50 silly addNameRange     '0.2.1',
50 silly addNameRange     '0.2.2',
50 silly addNameRange     '0.2.3',
50 silly addNameRange     '0.2.4',
50 silly addNameRange     '1.0.0',
50 silly addNameRange     '1.0.1' ] ]
51 silly lockFile 078afc0f-keygrip-2-0-0 keygrip@~2.0.0
52 silly lockFile 078afc0f-keygrip-2-0-0 keygrip@~2.0.0
53 error notarget No compatible version found: keygrip@'>=2.0.0-0 <2.1.0-0'
53 error notarget Valid install targets:
53 error notarget ["0.1.0","0.1.1","0.1.2","0.1.3","0.1.6","0.1.7","0.2.0","0.2.1","0.2.2","0.2.3","0.2.4","1.0.0","1.0.1"]
53 error notarget
53 error notarget This is most likely not a problem with npm itself.
53 error notarget In most cases you or one of your dependencies are requesting
53 error notarget a package version that doesn't exist.
54 error System Darwin 13.2.0
55 error command "/Users/jong/.nvm/v0.11.13/bin/node" "/Users/jong/.nvm/v0.11.13/bin/npm" "outdated"
56 error cwd /Users/jong/Workspace/cookies
57 error node -v v0.11.13
58 error npm -v 1.4.9
59 error code ETARGET
60 verbose exit [ 1, true ]
